<?xml version="1.0" encoding="UTF-8" ?>
<testsuite failures="0" time="0.06" errors="0" skipped="0" tests="7" name="com.daisyworks.temp.HeatMapTest">
  <properties>
    <property name="java.runtime.name" value="Java(TM) SE Runtime Environment"/>
    <property name="sun.boot.library.path" value="/home/troy/java/jdk1.6.0_20/jre/lib/i386"/>
    <property name="java.vm.version" value="16.3-b01"/>
    <property name="java.vm.vendor" value="Sun Microsystems Inc."/>
    <property name="java.vendor.url" value="http://java.sun.com/"/>
    <property name="path.separator" value=":"/>
    <property name="java.vm.name" value="Java HotSpot(TM) Server VM"/>
    <property name="file.encoding.pkg" value="sun.io"/>
    <property name="user.country" value="US"/>
    <property name="sun.java.launcher" value="SUN_STANDARD"/>
    <property name="sun.os.patch.level" value="unknown"/>
    <property name="java.vm.specification.name" value="Java Virtual Machine Specification"/>
    <property name="user.dir" value="/home/troy/Desktop/DaisyWorks/Git-troy/Temp-Sensor-UI/wine_sensor"/>
    <property name="java.runtime.version" value="1.6.0_20-b02"/>
    <property name="java.awt.graphicsenv" value="sun.awt.X11GraphicsEnvironment"/>
    <property name="basedir" value="/home/troy/Desktop/DaisyWorks/Git-troy/Temp-Sensor-UI/wine_sensor"/>
    <property name="java.endorsed.dirs" value="/home/troy/java/jdk1.6.0_20/jre/lib/endorsed"/>
    <property name="os.arch" value="i386"/>
    <property name="surefire.real.class.path" value="/tmp/surefirebooter8888701872744220036.jar"/>
    <property name="java.io.tmpdir" value="/tmp"/>
    <property name="line.separator" value="
"/>
    <property name="java.vm.specification.vendor" value="Sun Microsystems Inc."/>
    <property name="os.name" value="Linux"/>
    <property name="sun.jnu.encoding" value="UTF-8"/>
    <property name="java.library.path" value="/home/troy/java/jdk1.6.0_20/jre/lib/i386/server:/home/troy/java/jdk1.6.0_20/jre/lib/i386:/home/troy/java/jdk1.6.0_20/jre/../lib/i386:/usr/java/packages/lib/i386:/lib:/usr/lib"/>
    <property name="surefire.test.class.path" value="/home/troy/Desktop/DaisyWorks/Git-troy/Temp-Sensor-UI/wine_sensor/target/test-classes:/home/troy/Desktop/DaisyWorks/Git-troy/Temp-Sensor-UI/wine_sensor/target/classes:/home/troy/.m2/repository/junit/junit/4.0/junit-4.0.jar:"/>
    <property name="java.specification.name" value="Java Platform API Specification"/>
    <property name="java.class.version" value="50.0"/>
    <property name="sun.management.compiler" value="HotSpot Tiered Compilers"/>
    <property name="os.version" value="2.6.32-33-generic-pae"/>
    <property name="user.home" value="/home/troy"/>
    <property name="user.timezone" value=""/>
    <property name="java.awt.printerjob" value="sun.print.PSPrinterJob"/>
    <property name="file.encoding" value="UTF-8"/>
    <property name="java.specification.version" value="1.6"/>
    <property name="user.name" value="troy"/>
    <property name="java.class.path" value="/home/troy/Desktop/DaisyWorks/Git-troy/Temp-Sensor-UI/wine_sensor/target/test-classes:/home/troy/Desktop/DaisyWorks/Git-troy/Temp-Sensor-UI/wine_sensor/target/classes:/home/troy/.m2/repository/junit/junit/4.0/junit-4.0.jar:"/>
    <property name="java.vm.specification.version" value="1.0"/>
    <property name="sun.arch.data.model" value="32"/>
    <property name="java.home" value="/home/troy/java/jdk1.6.0_20/jre"/>
    <property name="java.specification.vendor" value="Sun Microsystems Inc."/>
    <property name="user.language" value="en"/>
    <property name="java.vm.info" value="mixed mode"/>
    <property name="java.version" value="1.6.0_20"/>
    <property name="java.ext.dirs" value="/home/troy/java/jdk1.6.0_20/jre/lib/ext:/usr/java/packages/lib/ext"/>
    <property name="sun.boot.class.path" value="/home/troy/java/jdk1.6.0_20/jre/lib/resources.jar:/home/troy/java/jdk1.6.0_20/jre/lib/rt.jar:/home/troy/java/jdk1.6.0_20/jre/lib/sunrsasign.jar:/home/troy/java/jdk1.6.0_20/jre/lib/jsse.jar:/home/troy/java/jdk1.6.0_20/jre/lib/jce.jar:/home/troy/java/jdk1.6.0_20/jre/lib/charsets.jar:/home/troy/java/jdk1.6.0_20/jre/classes"/>
    <property name="java.vendor" value="Sun Microsystems Inc."/>
    <property name="localRepository" value="/home/troy/.m2/repository"/>
    <property name="file.separator" value="/"/>
    <property name="java.vendor.url.bug" value="http://java.sun.com/cgi-bin/bugreport.cgi"/>
    <property name="sun.cpu.endian" value="little"/>
    <property name="sun.io.unicode.encoding" value="UnicodeLittle"/>
    <property name="sun.desktop" value="gnome"/>
    <property name="sun.cpu.isalist" value=""/>
  </properties>
  <testcase time="0.016" classname="com.daisyworks.temp.HeatMapTest" name="testRender0"/>
  <testcase time="0.005" classname="com.daisyworks.temp.HeatMapTest" name="testRender1"/>
  <testcase time="0.002" classname="com.daisyworks.temp.HeatMapTest" name="testRender2"/>
  <testcase time="0.002" classname="com.daisyworks.temp.HeatMapTest" name="testRender3"/>
  <testcase time="0.003" classname="com.daisyworks.temp.HeatMapTest" name="testRender11"/>
  <testcase time="0.002" classname="com.daisyworks.temp.HeatMapTest" name="testRender12"/>
  <testcase time="0.002" classname="com.daisyworks.temp.HeatMapTest" name="testRender13"/>
</testsuite>